Compiling the C compiler identification source file "CMakeCCompilerId.c" failed.
Compiler: /usr/bin/cc 
Build flags: 
Id flags:  

The output was:
1
CMakeCCompilerId.c:670:1: fatal error: error closing /tmp/ccb7wXAZ.s: No space left on device
  670 | }
      | ^
compilation terminated.


Compiling the C compiler identification source file "CMakeCCompilerId.c" failed.
Compiler: /usr/bin/cc 
Build flags: 
Id flags: -c 

The output was:
1
CMakeCCompilerId.c:670:1: fatal error: error closing /tmp/ccDafGqa.s: No space left on device
  670 | }
      | ^
compilation terminated.


Compiling the C compiler identification source file "CMakeCCompilerId.c" failed.
Compiler: /usr/bin/cc 
Build flags: 
Id flags: -Aa 

The output was:
1
<command-line>: error: missing '(' after predicate
CMakeCCompilerId.c:670:1: fatal error: error closing /tmp/cc6GUYlk.s: No space left on device
  670 | }
      | ^
compilation terminated.


Compiling the C compiler identification source file "CMakeCCompilerId.c" failed.
Compiler: /usr/bin/cc 
Build flags: 
Id flags: -D__CLASSIC_C__ 

The output was:
1
CMakeCCompilerId.c:670:1: fatal error: error closing /tmp/cc03Elqu.s: No space left on device
  670 | }
      | ^
compilation terminated.


Compiling the C compiler identification source file "CMakeCCompilerId.c" failed.
Compiler: /usr/bin/cc 
Build flags: 
Id flags: --target=arm-arm-none-eabi;-mcpu=cortex-m3 

The output was:
1
cc: warning: ‘-mcpu=’ is deprecated; use ‘-mtune=’ or ‘-march=’ instead
cc: error: unrecognized command line option ‘--target=arm-arm-none-eabi’


Compiling the C compiler identification source file "CMakeCCompilerId.c" failed.
Compiler: /usr/bin/cc 
Build flags: 
Id flags:  

The output was:
1
CMakeCCompilerId.c:670:1: fatal error: error closing /tmp/ccI55eHK.s: No space left on device
  670 | }
      | ^
compilation terminated.


Compiling the C compiler identification source file "CMakeCCompilerId.c" failed.
Compiler: /usr/bin/cc 
Build flags: 
Id flags: -c 

The output was:
1
CMakeCCompilerId.c:670:1: fatal error: error closing /tmp/ccwGPhZV.s: No space left on device
  670 | }
      | ^
compilation terminated.


Compiling the C compiler identification source file "CMakeCCompilerId.c" failed.
Compiler: /usr/bin/cc 
Build flags: 
Id flags: -Aa 

The output was:
1
<command-line>: error: missing '(' after predicate
CMakeCCompilerId.c:670:1: fatal error: error closing /tmp/ccAajSp3.s: No space left on device
  670 | }
      | ^
compilation terminated.


Compiling the C compiler identification source file "CMakeCCompilerId.c" failed.
Compiler: /usr/bin/cc 
Build flags: 
Id flags: -D__CLASSIC_C__ 

The output was:
1
CMakeCCompilerId.c:670:1: fatal error: error closing /tmp/ccCisE0c.s: No space left on device
  670 | }
      | ^
compilation terminated.


Compiling the C compiler identification source file "CMakeCCompilerId.c" failed.
Compiler: /usr/bin/cc 
Build flags: 
Id flags: --target=arm-arm-none-eabi;-mcpu=cortex-m3 

The output was:
1
cc: warning: ‘-mcpu=’ is deprecated; use ‘-mtune=’ or ‘-march=’ instead
cc: error: unrecognized command line option ‘--target=arm-arm-none-eabi’


Checking whether the C compiler is IAR using "" did not match "IAR .+ Compiler":
cc: fatal error: no input files
compilation terminated.
Checking whether the C compiler is IAR using "" did not match "IAR .+ Compiler":
cc: fatal error: no input files
compilation terminated.
Compiling the CXX compiler identification source file "CMakeCXXCompilerId.cpp" failed.
Compiler: /usr/bin/c++ 
Build flags: 
Id flags:  

The output was:
1
CMakeCXXCompilerId.cpp:660:1: fatal error: error closing /tmp/cciDJ1BL.s: No space left on device
  660 | }
      | ^
compilation terminated.


Compiling the CXX compiler identification source file "CMakeCXXCompilerId.cpp" failed.
Compiler: /usr/bin/c++ 
Build flags: 
Id flags: -c 

The output was:
1
CMakeCXXCompilerId.cpp:660:1: fatal error: error closing /tmp/ccKyEfjH.s: No space left on device
  660 | }
      | ^
compilation terminated.


Compiling the CXX compiler identification source file "CMakeCXXCompilerId.cpp" failed.
Compiler: /usr/bin/c++ 
Build flags: 
Id flags: --c++ 

The output was:
1
c++: error: unrecognized command line option ‘--c++’


Compiling the CXX compiler identification source file "CMakeCXXCompilerId.cpp" failed.
Compiler: /usr/bin/c++ 
Build flags: 
Id flags: --ec++ 

The output was:
1
c++: error: unrecognized command line option ‘--ec++’; did you mean ‘-Weffc++’?


Compiling the CXX compiler identification source file "CMakeCXXCompilerId.cpp" failed.
Compiler: /usr/bin/c++ 
Build flags: 
Id flags: --target=arm-arm-none-eabi;-mcpu=cortex-m3 

The output was:
1
c++: warning: ‘-mcpu=’ is deprecated; use ‘-mtune=’ or ‘-march=’ instead
c++: error: unrecognized command line option ‘--target=arm-arm-none-eabi’


Compiling the CXX compiler identification source file "CMakeCXXCompilerId.cpp" failed.
Compiler: /usr/bin/c++ 
Build flags: 
Id flags:  

The output was:
1
CMakeCXXCompilerId.cpp:660:1: fatal error: error closing /tmp/ccr3P6O5.s: No space left on device
  660 | }
      | ^
compilation terminated.


Compiling the CXX compiler identification source file "CMakeCXXCompilerId.cpp" failed.
Compiler: /usr/bin/c++ 
Build flags: 
Id flags: -c 

The output was:
1
CMakeCXXCompilerId.cpp:660:1: fatal error: error closing /tmp/ccbnWR8f.s: No space left on device
  660 | }
      | ^
compilation terminated.


Compiling the CXX compiler identification source file "CMakeCXXCompilerId.cpp" failed.
Compiler: /usr/bin/c++ 
Build flags: 
Id flags: --c++ 

The output was:
1
c++: error: unrecognized command line option ‘--c++’


Compiling the CXX compiler identification source file "CMakeCXXCompilerId.cpp" failed.
Compiler: /usr/bin/c++ 
Build flags: 
Id flags: --ec++ 

The output was:
1
c++: error: unrecognized command line option ‘--ec++’; did you mean ‘-Weffc++’?


Compiling the CXX compiler identification source file "CMakeCXXCompilerId.cpp" failed.
Compiler: /usr/bin/c++ 
Build flags: 
Id flags: --target=arm-arm-none-eabi;-mcpu=cortex-m3 

The output was:
1
c++: warning: ‘-mcpu=’ is deprecated; use ‘-mtune=’ or ‘-march=’ instead
c++: error: unrecognized command line option ‘--target=arm-arm-none-eabi’


Checking whether the CXX compiler is IAR using "" did not match "IAR .+ Compiler":
c++: fatal error: no input files
compilation terminated.
Checking whether the CXX compiler is IAR using "" did not match "IAR .+ Compiler":
c++: fatal error: no input files
compilation terminated.
Determining if the C compiler works failed with the following output:
Change Dir: /media/kamui/2454C0AC54C08252/Uni/S2.Data Structures and Algorithms/ADT Set - Lab 1 HW/cmake-build-debug/CMakeFiles/CMakeTmp

Run Build Command(s):/usr/bin/make cmTC_18200/fast && /usr/bin/make  -f CMakeFiles/cmTC_18200.dir/build.make CMakeFiles/cmTC_18200.dir/build
make[1]: Entering directory '/media/kamui/2454C0AC54C08252/Uni/S2.Data Structures and Algorithms/ADT Set - Lab 1 HW/cmake-build-debug/CMakeFiles/CMakeTmp'
Building C object CMakeFiles/cmTC_18200.dir/testCCompiler.c.o
/usr/bin/cc    -o CMakeFiles/cmTC_18200.dir/testCCompiler.c.o   -c "/media/kamui/2454C0AC54C08252/Uni/S2.Data Structures and Algorithms/ADT Set - Lab 1 HW/cmake-build-debug/CMakeFiles/CMakeTmp/testCCompiler.c"
/media/kamui/2454C0AC54C08252/Uni/S2.Data Structures and Algorithms/ADT Set - Lab 1 HW/cmake-build-debug/CMakeFiles/CMakeTmp/testCCompiler.c:11:1: fatal error: error closing /tmp/ccuw03in.s: No space left on device
   11 | { (void)argv; return argc-1;}
      | ^
compilation terminated.
make[1]: *** [CMakeFiles/cmTC_18200.dir/build.make:86: CMakeFiles/cmTC_18200.dir/testCCompiler.c.o] Error 1
make[1]: Leaving directory '/media/kamui/2454C0AC54C08252/Uni/S2.Data Structures and Algorithms/ADT Set - Lab 1 HW/cmake-build-debug/CMakeFiles/CMakeTmp'
make: *** [Makefile:141: cmTC_18200/fast] Error 2



Compiling the C compiler identification source file "CMakeCCompilerId.c" failed.
Compiler: /usr/bin/cc 
Build flags: 
Id flags:  

The output was:
1
CMakeCCompilerId.c:670:1: fatal error: error closing /tmp/cczXdPtA.s: No space left on device
  670 | }
      | ^
compilation terminated.


Compiling the C compiler identification source file "CMakeCCompilerId.c" failed.
Compiler: /usr/bin/cc 
Build flags: 
Id flags: -c 

The output was:
1
CMakeCCompilerId.c:670:1: fatal error: error closing /tmp/ccT0DsAI.s: No space left on device
  670 | }
      | ^
compilation terminated.


Compiling the C compiler identification source file "CMakeCCompilerId.c" failed.
Compiler: /usr/bin/cc 
Build flags: 
Id flags: -Aa 

The output was:
1
<command-line>: error: missing '(' after predicate
CMakeCCompilerId.c:670:1: fatal error: error closing /tmp/cc4ZxWhT.s: No space left on device
  670 | }
      | ^
compilation terminated.


Compiling the C compiler identification source file "CMakeCCompilerId.c" failed.
Compiler: /usr/bin/cc 
Build flags: 
Id flags: -D__CLASSIC_C__ 

The output was:
1
CMakeCCompilerId.c:670:1: fatal error: error closing /tmp/ccVQnsCY.s: No space left on device
  670 | }
      | ^
compilation terminated.


Compiling the C compiler identification source file "CMakeCCompilerId.c" failed.
Compiler: /usr/bin/cc 
Build flags: 
Id flags: --target=arm-arm-none-eabi;-mcpu=cortex-m3 

The output was:
1
cc: warning: ‘-mcpu=’ is deprecated; use ‘-mtune=’ or ‘-march=’ instead
cc: error: unrecognized command line option ‘--target=arm-arm-none-eabi’


Compiling the C compiler identification source file "CMakeCCompilerId.c" failed.
Compiler: /usr/bin/cc 
Build flags: 
Id flags:  

The output was:
1
CMakeCCompilerId.c:670:1: fatal error: error closing /tmp/ccOWMG0f.s: No space left on device
  670 | }
      | ^
compilation terminated.


Compiling the C compiler identification source file "CMakeCCompilerId.c" failed.
Compiler: /usr/bin/cc 
Build flags: 
Id flags: -c 

The output was:
1
CMakeCCompilerId.c:670:1: fatal error: error closing /tmp/ccKCyZWp.s: No space left on device
  670 | }
      | ^
compilation terminated.


Compiling the C compiler identification source file "CMakeCCompilerId.c" failed.
Compiler: /usr/bin/cc 
Build flags: 
Id flags: -Aa 

The output was:
1
<command-line>: error: missing '(' after predicate
CMakeCCompilerId.c:670:1: fatal error: error closing /tmp/ccThokEz.s: No space left on device
  670 | }
      | ^
compilation terminated.


Compiling the C compiler identification source file "CMakeCCompilerId.c" failed.
Compiler: /usr/bin/cc 
Build flags: 
Id flags: -D__CLASSIC_C__ 

The output was:
1
CMakeCCompilerId.c:670:1: fatal error: error closing /tmp/ccEYhZOF.s: No space left on device
  670 | }
      | ^
compilation terminated.


Compiling the C compiler identification source file "CMakeCCompilerId.c" failed.
Compiler: /usr/bin/cc 
Build flags: 
Id flags: --target=arm-arm-none-eabi;-mcpu=cortex-m3 

The output was:
1
cc: warning: ‘-mcpu=’ is deprecated; use ‘-mtune=’ or ‘-march=’ instead
cc: error: unrecognized command line option ‘--target=arm-arm-none-eabi’


Checking whether the C compiler is IAR using "" did not match "IAR .+ Compiler":
cc: fatal error: no input files
compilation terminated.
Checking whether the C compiler is IAR using "" did not match "IAR .+ Compiler":
cc: fatal error: no input files
compilation terminated.
Compiling the CXX compiler identification source file "CMakeCXXCompilerId.cpp" failed.
Compiler: /usr/bin/c++ 
Build flags: 
Id flags:  

The output was:
1
CMakeCXXCompilerId.cpp:660:1: fatal error: error closing /tmp/ccoqH4v5.s: No space left on device
  660 | }
      | ^
compilation terminated.


Compiling the CXX compiler identification source file "CMakeCXXCompilerId.cpp" failed.
Compiler: /usr/bin/c++ 
Build flags: 
Id flags: -c 

The output was:
1
CMakeCXXCompilerId.cpp:660:1: fatal error: error closing /tmp/ccNLl9vb.s: No space left on device
  660 | }
      | ^
compilation terminated.


Compiling the CXX compiler identification source file "CMakeCXXCompilerId.cpp" failed.
Compiler: /usr/bin/c++ 
Build flags: 
Id flags: --c++ 

The output was:
1
c++: error: unrecognized command line option ‘--c++’


Compiling the CXX compiler identification source file "CMakeCXXCompilerId.cpp" failed.
Compiler: /usr/bin/c++ 
Build flags: 
Id flags: --ec++ 

The output was:
1
c++: error: unrecognized command line option ‘--ec++’; did you mean ‘-Weffc++’?


Compiling the CXX compiler identification source file "CMakeCXXCompilerId.cpp" failed.
Compiler: /usr/bin/c++ 
Build flags: 
Id flags: --target=arm-arm-none-eabi;-mcpu=cortex-m3 

The output was:
1
c++: warning: ‘-mcpu=’ is deprecated; use ‘-mtune=’ or ‘-march=’ instead
c++: error: unrecognized command line option ‘--target=arm-arm-none-eabi’


Compiling the CXX compiler identification source file "CMakeCXXCompilerId.cpp" failed.
Compiler: /usr/bin/c++ 
Build flags: 
Id flags:  

The output was:
1
CMakeCXXCompilerId.cpp:660:1: fatal error: error closing /tmp/cc4XypSA.s: No space left on device
  660 | }
      | ^
compilation terminated.


Compiling the CXX compiler identification source file "CMakeCXXCompilerId.cpp" failed.
Compiler: /usr/bin/c++ 
Build flags: 
Id flags: -c 

The output was:
1
CMakeCXXCompilerId.cpp:660:1: fatal error: error closing /tmp/ccvNmEhM.s: No space left on device
  660 | }
      | ^
compilation terminated.


Compiling the CXX compiler identification source file "CMakeCXXCompilerId.cpp" failed.
Compiler: /usr/bin/c++ 
Build flags: 
Id flags: --c++ 

The output was:
1
c++: error: unrecognized command line option ‘--c++’


Compiling the CXX compiler identification source file "CMakeCXXCompilerId.cpp" failed.
Compiler: /usr/bin/c++ 
Build flags: 
Id flags: --ec++ 

The output was:
1
c++: error: unrecognized command line option ‘--ec++’; did you mean ‘-Weffc++’?


Compiling the CXX compiler identification source file "CMakeCXXCompilerId.cpp" failed.
Compiler: /usr/bin/c++ 
Build flags: 
Id flags: --target=arm-arm-none-eabi;-mcpu=cortex-m3 

The output was:
1
c++: warning: ‘-mcpu=’ is deprecated; use ‘-mtune=’ or ‘-march=’ instead
c++: error: unrecognized command line option ‘--target=arm-arm-none-eabi’


Checking whether the CXX compiler is IAR using "" did not match "IAR .+ Compiler":
c++: fatal error: no input files
compilation terminated.
Checking whether the CXX compiler is IAR using "" did not match "IAR .+ Compiler":
c++: fatal error: no input files
compilation terminated.
Determining if the C compiler works failed with the following output:
Change Dir: /media/kamui/2454C0AC54C08252/Uni/S2.Data Structures and Algorithms/ADT Set - Lab 1 HW/cmake-build-debug/CMakeFiles/CMakeTmp

Run Build Command(s):/usr/bin/make cmTC_b8ab9/fast && /usr/bin/make  -f CMakeFiles/cmTC_b8ab9.dir/build.make CMakeFiles/cmTC_b8ab9.dir/build
make[1]: Entering directory '/media/kamui/2454C0AC54C08252/Uni/S2.Data Structures and Algorithms/ADT Set - Lab 1 HW/cmake-build-debug/CMakeFiles/CMakeTmp'
Building C object CMakeFiles/cmTC_b8ab9.dir/testCCompiler.c.o
/usr/bin/cc    -o CMakeFiles/cmTC_b8ab9.dir/testCCompiler.c.o   -c "/media/kamui/2454C0AC54C08252/Uni/S2.Data Structures and Algorithms/ADT Set - Lab 1 HW/cmake-build-debug/CMakeFiles/CMakeTmp/testCCompiler.c"
/media/kamui/2454C0AC54C08252/Uni/S2.Data Structures and Algorithms/ADT Set - Lab 1 HW/cmake-build-debug/CMakeFiles/CMakeTmp/testCCompiler.c:11:1: fatal error: error closing /tmp/ccFaKyuP.s: No space left on device
   11 | { (void)argv; return argc-1;}
      | ^
compilation terminated.
make[1]: *** [CMakeFiles/cmTC_b8ab9.dir/build.make:86: CMakeFiles/cmTC_b8ab9.dir/testCCompiler.c.o] Error 1
make[1]: Leaving directory '/media/kamui/2454C0AC54C08252/Uni/S2.Data Structures and Algorithms/ADT Set - Lab 1 HW/cmake-build-debug/CMakeFiles/CMakeTmp'
make: *** [Makefile:141: cmTC_b8ab9/fast] Error 2



